<?xml version="1.0" encoding="UTF-8"?>
<testsuite xmlns:xsi="http://www.w3.org/2001/XMLSchema-instance" xsi:noNamespaceSchemaLocation="https://maven.apache.org/surefire/maven-surefire-plugin/xsd/surefire-test-report-3.0.xsd" version="3.0" name="com.example.usercrud.web.UserControllerTest" time="10.409" tests="2" errors="0" skipped="0" failures="0">
  <properties>
[...]
</properties>
  <testcase name="create_get_update_delete_flow" classname="com.example.usercrud.web.UserControllerTest" time="2.842">
    <system-out><![CDATA[2025-09-30T16:58:12.123+10:00  INFO 23008 --- [           main] t.c.s.AnnotationConfigContextLoaderUtils : Could not detect default configuration classes for test class [com.example.usercrud.web.UserControllerTest]: UserControllerTest does not declare any static, non-private, non-final, nested classes annotated with @Configuration.
2025-09-30T16:58:12.159+10:00  INFO 23008 --- [           main] .b.t.c.SpringBootTestContextBootstrapper : Found @SpringBootConfiguration com.example.usercrud.UserCrudApplication for test class com.example.usercrud.web.UserControllerTest

  .   ____          _            __ _ _
 /\\ / ___'_ __ _ _(_)_ __  __ _ \ \ \ \
( ( )\___ | '_ | '_| | '_ \/ _` | \ \ \ \
 \\/  ___)| |_)| | | | | || (_| |  ) ) ) )
  '  |____| .__|_| |_|_| |_\__, | / / / /
 =========|_|==============|___/=/_/_/_/

 :: Spring Boot ::                (v3.3.2)

2025-09-30T16:58:12.276+10:00  INFO 23008 --- [           main] c.e.usercrud.web.UserControllerTest      : Starting UserControllerTest using Java 17.0.12 with PID 23008 (started by sit in C:\Users\sit.SIT-63590-0823\OneDrive\SIT753-PP\task7.3HD\My-app)
2025-09-30T16:58:12.276+10:00  INFO 23008 --- [           main] c.e.usercrud.web.UserControllerTest      : No active profile set, falling back to 1 default profile: "default"
2025-09-30T16:58:13.532+10:00  INFO 23008 --- [           main] .s.d.r.c.RepositoryConfigurationDelegate : Bootstrapping Spring Data JPA repositories in DEFAULT mode.
2025-09-30T16:58:13.545+10:00  INFO 23008 --- [           main] .s.d.r.c.RepositoryConfigurationDelegate : Finished Spring Data repository scanning in 12 ms. Found 1 JPA repository interface.
2025-09-30T16:58:15.081+10:00  INFO 23008 --- [           main] o.hibernate.jpa.internal.util.LogHelper  : HHH000204: Processing PersistenceUnitInfo [name: default]
2025-09-30T16:58:15.086+10:00  INFO 23008 --- [           main] o.h.c.internal.RegionFactoryInitiator    : HHH000026: Second-level cache disabled
2025-09-30T16:58:15.118+10:00  INFO 23008 --- [           main] o.s.o.j.p.SpringPersistenceUnitInfo      : No LoadTimeWeaver setup: ignoring JPA class transformer
2025-09-30T16:58:15.125+10:00  INFO 23008 --- [           main] com.zaxxer.hikari.HikariDataSource       : HikariPool-1 - Starting...
2025-09-30T16:58:15.181+10:00  INFO 23008 --- [           main] com.zaxxer.hikari.pool.HikariPool        : HikariPool-1 - Added connection conn5: url=jdbc:h2:mem:userdb user=SA
2025-09-30T16:58:15.189+10:00  INFO 23008 --- [           main] com.zaxxer.hikari.HikariDataSource       : HikariPool-1 - Start completed.
2025-09-30T16:58:15.322+10:00  INFO 23008 --- [           main] o.h.e.t.j.p.i.JtaPlatformInitiator       : HHH000489: No JTA platform available (set 'hibernate.transaction.jta.platform' to enable JTA platform integration)
2025-09-30T16:58:15.349+10:00  INFO 23008 --- [           main] j.LocalContainerEntityManagerFactoryBean : Initialized JPA EntityManagerFactory for persistence unit 'default'
2025-09-30T16:58:19.085+10:00  INFO 23008 --- [           main] o.s.b.a.h2.H2ConsoleAutoConfiguration    : H2 console available at '/h2-console'. Database available at 'jdbc:h2:mem:userdb'
2025-09-30T16:58:19.195+10:00  INFO 23008 --- [           main] o.s.b.t.m.w.SpringBootMockServletContext : Initializing Spring TestDispatcherServlet ''
2025-09-30T16:58:19.196+10:00  INFO 23008 --- [           main] o.s.t.web.servlet.TestDispatcherServlet  : Initializing Servlet ''
2025-09-30T16:58:19.232+10:00  INFO 23008 --- [           main] o.s.b.a.e.web.EndpointLinksResolver      : Exposing 1 endpoint beneath base path '/actuator'
2025-09-30T16:58:19.273+10:00  INFO 23008 --- [           main] o.s.t.web.servlet.TestDispatcherServlet  : Completed initialization in 73 ms
2025-09-30T16:58:19.438+10:00  INFO 23008 --- [           main] c.e.usercrud.web.UserControllerTest      : Started UserControllerTest in 7.242 seconds (process running for 29.871)
]]></system-out>
  </testcase>
  <testcase name="validation_errors" classname="com.example.usercrud.web.UserControllerTest" time="0.085"/>
</testsuite>